-------------------------------------------------------------------------------
Test set: org.chrissmb.AppTest
-------------------------------------------------------------------------------
Tests run: 1, Failures: 1, Errors: 0, Skipped: 0, Time elapsed: 0.105 s <<< FAILURE! - in org.chrissmb.AppTest
shouldAnswerWithTrue(org.chrissmb.AppTest)  Time elapsed: 0.013 s  <<< FAILURE!
java.lang.AssertionError
	at org.chrissmb.AppTest.shouldAnswerWithTrue(AppTest.java:18)

