<?xml version="1.0" encoding="UTF-8"?>
<testsuite xmlns:xsi="http://www.w3.org/2001/XMLSchema-instance" xsi:noNamespaceSchemaLocation="https://maven.apache.org/surefire/maven-surefire-plugin/xsd/surefire-test-report.xsd" name="org.chrissmb.AppTest" time="0.105" tests="1" errors="0" skipped="0" failures="1">
  <properties>
[...]
</properties>
  <testcase name="shouldAnswerWithTrue" classname="org.chrissmb.AppTest" time="0.013">
    <failure type="java.lang.AssertionError">java.lang.AssertionError
	at org.chrissmb.AppTest.shouldAnswerWithTrue(AppTest.java:18)
</failure>
  </testcase>
</testsuite>